 
 1115  tmux
 1116  ls
 1117  cd WS5
 1118  ls
 1119  cd tempCustomers
 1120  ls
 1121  cd ..
 1122  rm tempCustomers
 1123  rm -r  tempCustomers
 1124  UNIQ_IDS="$(awk '{print $2}' < customerids.1000.txt | sort | uniq)"
 1125  for i in {1..10}; do echo "$i"; done;
 1126  for i in $UNIQ_IDS; do egrep "	$i	" amazon_reviews_us_Books_v1_02.tsv > tempCustomers/$i.txt; echo "$i"; done;
 1127  ls
 1128  mkdir tempCustomers
 1129  ls
 1130  for i in $UNIQ_IDS; do egrep "	$i	" amazon_reviews_us_Books_v1_02.tsv > tempCustomers/$i.txt; echo "$i"; done;
 1131  ls
 1132  cd WS5
 1133  ls
 1134  cd tempCustomers
 1135  ls
 1136  cd .. 
 1137  rm -r tempCustomers
 1138  cat ws5.txt
 1139  em ws5.txt
 1140  rm ws5.txt
 1141  ls
 1142  history
 1143  script ws5.txt
 1144  history > cmds.log
